[2020-08-26 14:34:38] sql.INFO: [20.32] select * from information_schema.tables where table_schema = 'test_hyperf' and table_name = 'migrations' [] []
[2020-08-26 14:34:38] sql.INFO: [39.31] create table `migrations` (`id` int unsigned not null auto_increment primary key, `migration` varchar(255) not null, `batch` int not null) default character set utf8mb4 collate 'utf8mb4_general_ci' [] []
[2020-08-26 14:34:38] sql.INFO: [6.16] select `migration` from `migrations` order by `batch` asc, `migration` asc [] []
[2020-08-26 14:34:38] sql.INFO: [3.38] select max(`batch`) as aggregate from `migrations` [] []
[2020-08-26 14:35:16] sql.INFO: [20.94] select * from information_schema.tables where table_schema = 'test_hyperf' and table_name = 'migrations' [] []
[2020-08-26 14:35:16] sql.INFO: [3.08] select `migration` from `migrations` order by `batch` asc, `migration` asc [] []
[2020-08-26 14:35:16] sql.INFO: [2.77] select max(`batch`) as aggregate from `migrations` [] []
[2020-08-26 14:35:16] sql.INFO: [39.78] create table `admin` (`id` bigint unsigned not null auto_increment primary key comment 'ID', `username` varchar(100) not null comment '登录账号', `password` varchar(255) not null comment '登录密码', `nickname` varchar(20) null comment '账号姓名', `avatar` varchar(255) null, `phone` varchar(100) null comment '手机号', `email` varchar(100) null comment '账号邮箱', `status` tinyint unsigned not null default '1' comment '账号状态，0关闭，1正常', `is_admin` tinyint unsigned not null default '0' comment '是否总管理，0不是，1是', `created_at` timestamp null, `updated_at` timestamp null, `deleted_at` timestamp null) default character set utf8mb4 collate 'utf8mb4_general_ci' [] []
[2020-08-26 14:35:16] sql.INFO: [27.08] alter table `admin` add unique `admin_username_unique`(`username`) [] []
[2020-08-26 14:35:16] sql.INFO: [27.82] alter table `admin` add unique `admin_phone_unique`(`phone`) [] []
[2020-08-26 14:35:16] sql.INFO: [27.99] alter table `admin` add unique `admin_email_unique`(`email`) [] []
[2020-08-26 14:35:16] sql.INFO: [14.69] ALTER TABLE `admin` comment'后台用户表' [] []
[2020-08-26 14:35:16] sql.INFO: [7.5] insert into `migrations` (`migration`, `batch`) values ('2020_08_26_142830_create_admin', '1') [] []
[2020-08-26 14:36:46] sql.INFO: [19.12] select `column_key`, `column_name`, `data_type`, `column_comment`, `extra` from information_schema.columns where `table_schema` = 'test_hyperf' and `table_name` = 'Admin' order by ORDINAL_POSITION [] []
[2020-08-26 16:18:27] sql.INFO: [17.24] select * from `admin` where (`username` = '123') limit 1 [] []
[2020-08-26 16:19:08] sql.INFO: [16.84] select * from `admin` where (`username` = '123') limit 1 [] []
[2020-08-26 16:19:08] sql.INFO: [3.2] select * from `admin` where (`username` = 'username' and `password` = '25faf74c0ecfd9adb56475538545511d') limit 1 [] []
[2020-08-26 16:19:14] sql.INFO: [2.98] select * from `admin` where (`username` = '123') limit 1 [] []
[2020-08-26 16:19:14] sql.INFO: [2.83] select * from `admin` where (`username` = 'username' and `password` = '25faf74c0ecfd9adb56475538545511d') limit 1 [] []
[2020-08-26 16:19:29] sql.INFO: [3.35] select * from `admin` where (`username` = '123') limit 1 [] []
[2020-08-26 16:19:29] sql.INFO: [3.41] select * from `admin` where (`username` = 'username' and `password` = '25faf74c0ecfd9adb56475538545511d') limit 1 [] []
[2020-08-26 16:21:19] sql.INFO: [18.41] select * from `admin` where (`username` = '123') limit 1 [] []
[2020-08-26 16:21:19] sql.INFO: [3.25] select * from `admin` where (`username` = 'username' and `password` = '25faf74c0ecfd9adb56475538545511d') limit 1 [] []
[2020-08-26 16:21:19] sql.INFO: [9.44] insert into `admin` (`username`, `password`, `updated_at`, `created_at`) values ('username', '25faf74c0ecfd9adb56475538545511d', '2020-08-26 16:21:19', '2020-08-26 16:21:19') [] []
[2020-08-26 16:24:08] sql.INFO: [11.47] select `id`, `username`, `nickname`, `avatar`, `phone`, `email`, `status`, `is_admin` from `admin` where (`username` = '123' and `password` = '25faf74c0ecfd9adb56475538545511d') limit 1 [] []
[2020-08-26 16:25:14] sql.INFO: [10.13] select `id`, `username`, `nickname`, `avatar`, `phone`, `email`, `status`, `is_admin` from `admin` where (`username` = '123' and `password` = '25faf74c0ecfd9adb56475538545511d') limit 1 [] []
[2020-08-26 16:25:23] sql.INFO: [3.65] select * from `admin` where (`username` = '123') limit 1 [] []
[2020-08-26 16:25:23] sql.INFO: [2.94] select * from `admin` where (`username` = 'username' and `password` = '25faf74c0ecfd9adb56475538545511d') limit 1 [] []
[2020-08-26 16:25:24] sql.INFO: [3.97] select * from `admin` where (`username` = '123') limit 1 [] []
[2020-08-26 16:25:24] sql.INFO: [3.71] select * from `admin` where (`username` = 'username' and `password` = '25faf74c0ecfd9adb56475538545511d') limit 1 [] []
[2020-08-26 16:25:51] sql.INFO: [3.17] select * from `admin` where (`username` = '123') limit 1 [] []
[2020-08-26 16:25:51] sql.INFO: [2.61] select * from `admin` where (`username` = 'username' and `password` = '25faf74c0ecfd9adb56475538545511d') limit 1 [] []
[2020-08-26 16:25:52] sql.INFO: [3.39] select * from `admin` where (`username` = '123') limit 1 [] []
[2020-08-26 16:25:52] sql.INFO: [3.43] select * from `admin` where (`username` = 'username' and `password` = '25faf74c0ecfd9adb56475538545511d') limit 1 [] []
[2020-08-26 16:26:46] sql.INFO: [17.55] select * from `admin` where (`username` = '123') and `admin`.`deleted_at` is null limit 1 [] []
[2020-08-26 16:26:46] sql.INFO: [3.55] select * from `admin` where (`username` = 'username' and `password` = '25faf74c0ecfd9adb56475538545511d') and `admin`.`deleted_at` is null limit 1 [] []
[2020-08-26 16:27:00] sql.INFO: [3.39] select * from `admin` where (`username` = '123') and `admin`.`deleted_at` is null limit 1 [] []
[2020-08-26 16:27:00] sql.INFO: [3.75] select * from `admin` where (`username` = 'username' and `password` = '25faf74c0ecfd9adb56475538545511d') and `admin`.`deleted_at` is null limit 1 [] []
[2020-09-01 18:01:31] sql.INFO: [420.77] SELECT * FROM code_res limit 1; [] []
[2020-09-01 18:15:48] sql.INFO: [41.59] select `column_key`, `column_name`, `data_type`, `column_comment`, `extra` from information_schema.columns where `table_schema` = 'business_product' and `table_name` = 'code_res' order by ORDINAL_POSITION [] []
[2020-09-01 18:26:08] sql.INFO: [18.2] select `column_key`, `column_name`, `data_type`, `column_comment`, `extra` from information_schema.columns where `table_schema` = 'business_product' and `table_name` = 'code_detail_update' order by ORDINAL_POSITION [] []
[2020-09-01 20:27:13] sql.INFO: [111.89] select count(*) as aggregate from `code_detail_update` [] []
[2020-09-01 20:27:13] sql.INFO: [20.32] select * from `code_detail_update` order by `id` desc limit 20 offset 0 [] []
[2020-09-01 20:46:51] sql.INFO: [104.23] select count(*) as aggregate from `code_detail_update` where `secondOneTag` like '%%' and `pcode` like '%%' [] []
[2020-09-01 20:46:51] sql.INFO: [21.47] select * from `code_detail_update` where `secondOneTag` like '%%' and `pcode` like '%%' order by `id` desc limit 20 offset 0 [] []
[2020-09-01 20:47:22] sql.INFO: [57.38] select count(*) as aggregate from `code_detail_update` where `secondOneTag` like '%%' and `pcode` like '%3%' [] []
[2020-09-01 20:47:22] sql.INFO: [21.07] select * from `code_detail_update` where `secondOneTag` like '%%' and `pcode` like '%3%' order by `id` desc limit 20 offset 0 [] []
[2020-09-01 20:47:30] sql.INFO: [57.83] select count(*) as aggregate from `code_detail_update` where `secondOneTag` like '%%' and `pcode` like '%30%' [] []
[2020-09-01 20:47:30] sql.INFO: [24.03] select * from `code_detail_update` where `secondOneTag` like '%%' and `pcode` like '%30%' order by `id` desc limit 20 offset 0 [] []
[2020-09-01 20:47:52] sql.INFO: [53.9] select count(*) as aggregate from `code_detail_update` where (`firstOneTag` = '博士') and `secondOneTag` like '%%' and `pcode` like '%30%' [] []
[2020-09-01 20:47:59] sql.INFO: [60.85] select count(*) as aggregate from `code_detail_update` where (`firstOneTag` = '博世') and `secondOneTag` like '%%' and `pcode` like '%30%' [] []
[2020-09-01 20:47:59] sql.INFO: [20.84] select * from `code_detail_update` where (`firstOneTag` = '博世') and `secondOneTag` like '%%' and `pcode` like '%30%' order by `id` desc limit 20 offset 0 [] []
[2020-09-01 20:48:55] sql.INFO: [62.98] select count(*) as aggregate from `code_detail_update` where `secondOneTag` like '%EDC17CV54%' and `pcode` like '%3%' [] []
[2020-09-01 20:48:55] sql.INFO: [57.65] select * from `code_detail_update` where `secondOneTag` like '%EDC17CV54%' and `pcode` like '%3%' order by `id` desc limit 15 offset 0 [] []
[2020-09-01 20:49:13] sql.INFO: [62.73] select count(*) as aggregate from `code_detail_update` where (`firstOneTag` = '博世') and `secondOneTag` like '%EDC17CV54%' and `pcode` like '%3%' [] []
[2020-09-01 20:49:13] sql.INFO: [25.48] select * from `code_detail_update` where (`firstOneTag` = '博世') and `secondOneTag` like '%EDC17CV54%' and `pcode` like '%3%' order by `id` desc limit 15 offset 0 [] []
[2020-09-01 21:28:20] sql.INFO: [64.23] select count(*) as aggregate from `code_detail_update` where (`firstOneTag` = '博世') and `secondOneTag` like '%EDC17CV54%' and `pcode` like '%3%' [] []
[2020-09-01 21:28:20] sql.INFO: [22.7] select * from `code_detail_update` where (`firstOneTag` = '博世') and `secondOneTag` like '%EDC17CV54%' and `pcode` like '%3%' order by `id` desc limit 15 offset 0 [] []
[2020-09-01 21:30:06] sql.INFO: [68.39] select count(*) as aggregate from `code_detail_update` where (`firstOneTag` = '博世') and `secondOneTag` like '%EDC17CV54%' and `pcode` like '%3%' [] []
[2020-09-01 21:30:06] sql.INFO: [25] select * from `code_detail_update` where (`firstOneTag` = '博世') and `secondOneTag` like '%EDC17CV54%' and `pcode` like '%3%' order by `id` desc limit 15 offset 0 [] []
[2020-09-01 21:32:59] sql.INFO: [67.32] select count(*) as aggregate from `code_detail_update` where (`firstOneTag` = '博世') and `secondOneTag` like '%EDC17CV54%' and `pcode` like '%3%' [] []
[2020-09-01 21:32:59] sql.INFO: [24.44] select * from `code_detail_update` where (`firstOneTag` = '博世') and `secondOneTag` like '%EDC17CV54%' and `pcode` like '%3%' order by `id` desc limit 15 offset 0 [] []
[2020-09-01 21:35:02] sql.INFO: [84.66] select count(*) as aggregate from `code_detail_update` where (`firstOneTag` = '博世') and `secondOneTag` like '%EDC17CV54%' and `pcode` like '%3%' [] []
[2020-09-01 21:35:02] sql.INFO: [23.54] select * from `code_detail_update` where (`firstOneTag` = '博世') and `secondOneTag` like '%EDC17CV54%' and `pcode` like '%3%' order by `id` desc limit 15 offset 0 [] []
[2020-09-01 21:38:58] sql.INFO: [64.84] select count(*) as aggregate from `code_detail_update` where (`firstOneTag` = '博世') and `secondOneTag` like '%EDC17CV54%' and `pcode` like '%3%' [] []
[2020-09-01 21:38:58] sql.INFO: [23.12] select * from `code_detail_update` where (`firstOneTag` = '博世') and `secondOneTag` like '%EDC17CV54%' and `pcode` like '%3%' order by `id` desc limit 15 offset 0 [] []
[2020-09-01 21:39:00] sql.INFO: [19.44] select count(*) as aggregate from `code_detail_update` where (`firstOneTag` = '博世') and `secondOneTag` like '%EDC17CV54%' and `pcode` like '%3%' [] []
[2020-09-01 21:39:00] sql.INFO: [22.19] select * from `code_detail_update` where (`firstOneTag` = '博世') and `secondOneTag` like '%EDC17CV54%' and `pcode` like '%3%' order by `id` desc limit 15 offset 0 [] []
[2020-09-01 21:40:25] sql.INFO: [62.91] select count(*) as aggregate from `code_detail_update` where (`firstOneTag` = '博世') and `secondOneTag` like '%EDC17CV54%' and `pcode` like '%3%' [] []
[2020-09-01 21:40:25] sql.INFO: [22.61] select * from `code_detail_update` where (`firstOneTag` = '博世') and `secondOneTag` like '%EDC17CV54%' and `pcode` like '%3%' order by `id` desc limit 15 offset 0 [] []
[2020-09-01 21:40:27] sql.INFO: [15.79] select count(*) as aggregate from `code_detail_update` where (`firstOneTag` = '博世') and `secondOneTag` like '%EDC17CV54%' and `pcode` like '%3%' [] []
[2020-09-01 21:40:27] sql.INFO: [21.65] select * from `code_detail_update` where (`firstOneTag` = '博世') and `secondOneTag` like '%EDC17CV54%' and `pcode` like '%3%' order by `id` desc limit 15 offset 0 [] []
[2020-09-01 21:40:27] sql.INFO: [16.35] select count(*) as aggregate from `code_detail_update` where (`firstOneTag` = '博世') and `secondOneTag` like '%EDC17CV54%' and `pcode` like '%3%' [] []
[2020-09-01 21:40:27] sql.INFO: [22.34] select * from `code_detail_update` where (`firstOneTag` = '博世') and `secondOneTag` like '%EDC17CV54%' and `pcode` like '%3%' order by `id` desc limit 15 offset 0 [] []
[2020-09-01 21:40:28] sql.INFO: [15.46] select count(*) as aggregate from `code_detail_update` where (`firstOneTag` = '博世') and `secondOneTag` like '%EDC17CV54%' and `pcode` like '%3%' [] []
[2020-09-01 21:40:28] sql.INFO: [15.42] select * from `code_detail_update` where (`firstOneTag` = '博世') and `secondOneTag` like '%EDC17CV54%' and `pcode` like '%3%' order by `id` desc limit 15 offset 0 [] []
[2020-09-01 21:40:28] sql.INFO: [16.09] select count(*) as aggregate from `code_detail_update` where (`firstOneTag` = '博世') and `secondOneTag` like '%EDC17CV54%' and `pcode` like '%3%' [] []
[2020-09-01 21:40:28] sql.INFO: [15.34] select * from `code_detail_update` where (`firstOneTag` = '博世') and `secondOneTag` like '%EDC17CV54%' and `pcode` like '%3%' order by `id` desc limit 15 offset 0 [] []
[2020-09-01 21:40:28] sql.INFO: [23.4] select count(*) as aggregate from `code_detail_update` where (`firstOneTag` = '博世') and `secondOneTag` like '%EDC17CV54%' and `pcode` like '%3%' [] []
[2020-09-01 21:40:28] sql.INFO: [18.57] select * from `code_detail_update` where (`firstOneTag` = '博世') and `secondOneTag` like '%EDC17CV54%' and `pcode` like '%3%' order by `id` desc limit 15 offset 0 [] []
[2020-09-01 21:40:28] sql.INFO: [18.95] select count(*) as aggregate from `code_detail_update` where (`firstOneTag` = '博世') and `secondOneTag` like '%EDC17CV54%' and `pcode` like '%3%' [] []
[2020-09-01 21:40:28] sql.INFO: [16.9] select * from `code_detail_update` where (`firstOneTag` = '博世') and `secondOneTag` like '%EDC17CV54%' and `pcode` like '%3%' order by `id` desc limit 15 offset 0 [] []
[2020-09-01 21:42:19] sql.INFO: [64.11] select count(*) as aggregate from `code_detail_update` where (`firstOneTag` = '博世') and `secondOneTag` like '%EDC17CV54%' and `pcode` like '%3%' [] []
[2020-09-01 21:42:19] sql.INFO: [22.25] select * from `code_detail_update` where (`firstOneTag` = '博世') and `secondOneTag` like '%EDC17CV54%' and `pcode` like '%3%' order by `id` desc limit 15 offset 0 [] []
[2020-09-01 21:42:20] sql.INFO: [14.24] select count(*) as aggregate from `code_detail_update` where (`firstOneTag` = '博世') and `secondOneTag` like '%EDC17CV54%' and `pcode` like '%3%' [] []
[2020-09-01 21:42:20] sql.INFO: [22.9] select * from `code_detail_update` where (`firstOneTag` = '博世') and `secondOneTag` like '%EDC17CV54%' and `pcode` like '%3%' order by `id` desc limit 15 offset 0 [] []
[2020-09-01 21:42:21] sql.INFO: [15.6] select count(*) as aggregate from `code_detail_update` where (`firstOneTag` = '博世') and `secondOneTag` like '%EDC17CV54%' and `pcode` like '%3%' [] []
[2020-09-01 21:42:21] sql.INFO: [19.94] select * from `code_detail_update` where (`firstOneTag` = '博世') and `secondOneTag` like '%EDC17CV54%' and `pcode` like '%3%' order by `id` desc limit 15 offset 0 [] []
[2020-09-01 21:42:21] sql.INFO: [15.15] select count(*) as aggregate from `code_detail_update` where (`firstOneTag` = '博世') and `secondOneTag` like '%EDC17CV54%' and `pcode` like '%3%' [] []
[2020-09-01 21:42:21] sql.INFO: [19.95] select * from `code_detail_update` where (`firstOneTag` = '博世') and `secondOneTag` like '%EDC17CV54%' and `pcode` like '%3%' order by `id` desc limit 15 offset 0 [] []
[2020-09-01 21:42:21] sql.INFO: [15.51] select count(*) as aggregate from `code_detail_update` where (`firstOneTag` = '博世') and `secondOneTag` like '%EDC17CV54%' and `pcode` like '%3%' [] []
[2020-09-01 21:42:21] sql.INFO: [16.05] select * from `code_detail_update` where (`firstOneTag` = '博世') and `secondOneTag` like '%EDC17CV54%' and `pcode` like '%3%' order by `id` desc limit 15 offset 0 [] []
[2020-09-01 21:42:21] sql.INFO: [15.32] select count(*) as aggregate from `code_detail_update` where (`firstOneTag` = '博世') and `secondOneTag` like '%EDC17CV54%' and `pcode` like '%3%' [] []
[2020-09-01 21:42:21] sql.INFO: [16.04] select * from `code_detail_update` where (`firstOneTag` = '博世') and `secondOneTag` like '%EDC17CV54%' and `pcode` like '%3%' order by `id` desc limit 15 offset 0 [] []
[2020-09-01 21:42:21] sql.INFO: [15.3] select count(*) as aggregate from `code_detail_update` where (`firstOneTag` = '博世') and `secondOneTag` like '%EDC17CV54%' and `pcode` like '%3%' [] []
[2020-09-01 21:42:21] sql.INFO: [18.45] select * from `code_detail_update` where (`firstOneTag` = '博世') and `secondOneTag` like '%EDC17CV54%' and `pcode` like '%3%' order by `id` desc limit 15 offset 0 [] []
[2020-09-01 21:42:22] sql.INFO: [14.43] select count(*) as aggregate from `code_detail_update` where (`firstOneTag` = '博世') and `secondOneTag` like '%EDC17CV54%' and `pcode` like '%3%' [] []
[2020-09-01 21:42:22] sql.INFO: [15.65] select * from `code_detail_update` where (`firstOneTag` = '博世') and `secondOneTag` like '%EDC17CV54%' and `pcode` like '%3%' order by `id` desc limit 15 offset 0 [] []
[2020-09-01 21:42:22] sql.INFO: [14.96] select count(*) as aggregate from `code_detail_update` where (`firstOneTag` = '博世') and `secondOneTag` like '%EDC17CV54%' and `pcode` like '%3%' [] []
[2020-09-01 21:42:22] sql.INFO: [15.04] select * from `code_detail_update` where (`firstOneTag` = '博世') and `secondOneTag` like '%EDC17CV54%' and `pcode` like '%3%' order by `id` desc limit 15 offset 0 [] []
[2020-09-01 21:42:22] sql.INFO: [14.69] select count(*) as aggregate from `code_detail_update` where (`firstOneTag` = '博世') and `secondOneTag` like '%EDC17CV54%' and `pcode` like '%3%' [] []
[2020-09-01 21:42:22] sql.INFO: [15.56] select * from `code_detail_update` where (`firstOneTag` = '博世') and `secondOneTag` like '%EDC17CV54%' and `pcode` like '%3%' order by `id` desc limit 15 offset 0 [] []
[2020-09-01 21:42:22] sql.INFO: [16.03] select count(*) as aggregate from `code_detail_update` where (`firstOneTag` = '博世') and `secondOneTag` like '%EDC17CV54%' and `pcode` like '%3%' [] []
[2020-09-01 21:42:22] sql.INFO: [16.12] select * from `code_detail_update` where (`firstOneTag` = '博世') and `secondOneTag` like '%EDC17CV54%' and `pcode` like '%3%' order by `id` desc limit 15 offset 0 [] []
[2020-09-01 21:43:06] sql.INFO: [62.13] select count(*) as aggregate from `code_detail_update` where (`firstOneTag` = '博世') and `secondOneTag` like '%EDC17CV54%' and `pcode` like '%3%' [] []
[2020-09-01 21:43:06] sql.INFO: [22.55] select * from `code_detail_update` where (`firstOneTag` = '博世') and `secondOneTag` like '%EDC17CV54%' and `pcode` like '%3%' order by `id` desc limit 15 offset 0 [] []
[2020-09-01 21:43:07] sql.INFO: [14.88] select count(*) as aggregate from `code_detail_update` where (`firstOneTag` = '博世') and `secondOneTag` like '%EDC17CV54%' and `pcode` like '%3%' [] []
[2020-09-01 21:43:07] sql.INFO: [24.08] select * from `code_detail_update` where (`firstOneTag` = '博世') and `secondOneTag` like '%EDC17CV54%' and `pcode` like '%3%' order by `id` desc limit 15 offset 0 [] []
[2020-09-01 21:47:30] sql.INFO: [69.26] select count(*) as aggregate from `code_detail_update` where (`firstOneTag` = '博世') and `secondOneTag` like '%EDC17CV54%' and `pcode` like '%3%' [] []
[2020-09-01 21:47:30] sql.INFO: [29.96] select * from `code_detail_update` where (`firstOneTag` = '博世') and `secondOneTag` like '%EDC17CV54%' and `pcode` like '%3%' order by `id` desc limit 15 offset 0 [] []
[2020-09-01 21:47:48] sql.INFO: [18.17] select count(*) as aggregate from `code_detail_update` where (`firstOneTag` = '博世') and `secondOneTag` like '%EDC17CV54%' and `pcode` like '%3%' [] []
[2020-09-01 21:47:48] sql.INFO: [24.58] select * from `code_detail_update` where (`firstOneTag` = '博世') and `secondOneTag` like '%EDC17CV54%' and `pcode` like '%3%' order by `id` desc limit 15 offset 0 [] []
[2020-09-01 21:49:27] sql.INFO: [73.16] select count(*) as aggregate from `code_detail_update` where (`firstOneTag` = '博世') and `secondOneTag` like '%EDC17CV54%' and `pcode` like '%3%' [] []
[2020-09-01 21:49:27] sql.INFO: [25.32] select * from `code_detail_update` where (`firstOneTag` = '博世') and `secondOneTag` like '%EDC17CV54%' and `pcode` like '%3%' order by `id` desc limit 15 offset 0 [] []
[2020-09-01 21:51:34] sql.INFO: [57.88] select count(*) as aggregate from `code_detail_update` where (`firstOneTag` = '博世') and `secondOneTag` like '%EDC17CV54%' and `pcode` like '%3%' [] []
[2020-09-01 21:51:34] sql.INFO: [21.26] select * from `code_detail_update` where (`firstOneTag` = '博世') and `secondOneTag` like '%EDC17CV54%' and `pcode` like '%3%' order by `id` desc limit 15 offset 0 [] []
[2020-09-01 21:51:40] sql.INFO: [66.11] select count(*) as aggregate from `code_detail_update` where (`firstOneTag` = '博世') and `secondOneTag` like '%EDC17CV54%' and `pcode` like '%3%' [] []
[2020-09-01 21:51:40] sql.INFO: [23.13] select * from `code_detail_update` where (`firstOneTag` = '博世') and `secondOneTag` like '%EDC17CV54%' and `pcode` like '%3%' order by `id` desc limit 15 offset 0 [] []
[2020-09-01 21:55:05] sql.INFO: [71.43] select count(*) as aggregate from `code_detail_update` where (`firstOneTag` = '博世') and `secondOneTag` like '%EDC17CV54%' and `pcode` like '%3%' [] []
[2020-09-01 21:55:05] sql.INFO: [25.74] select * from `code_detail_update` where (`firstOneTag` = '博世') and `secondOneTag` like '%EDC17CV54%' and `pcode` like '%3%' order by `id` desc limit 15 offset 0 [] []
[2020-09-01 21:55:05] sql.INFO: [17.15] select count(*) as aggregate from `code_detail_update` where (`firstOneTag` = '博世') and `secondOneTag` like '%EDC17CV54%' and `pcode` like '%3%' [] []
[2020-09-01 21:55:05] sql.INFO: [24.87] select * from `code_detail_update` where (`firstOneTag` = '博世') and `secondOneTag` like '%EDC17CV54%' and `pcode` like '%3%' order by `id` desc limit 15 offset 0 [] []
[2020-09-01 21:55:06] sql.INFO: [19.98] select count(*) as aggregate from `code_detail_update` where (`firstOneTag` = '博世') and `secondOneTag` like '%EDC17CV54%' and `pcode` like '%3%' [] []
[2020-09-01 21:55:06] sql.INFO: [25.98] select * from `code_detail_update` where (`firstOneTag` = '博世') and `secondOneTag` like '%EDC17CV54%' and `pcode` like '%3%' order by `id` desc limit 15 offset 0 [] []
[2020-09-01 21:55:06] sql.INFO: [18.23] select count(*) as aggregate from `code_detail_update` where (`firstOneTag` = '博世') and `secondOneTag` like '%EDC17CV54%' and `pcode` like '%3%' [] []
[2020-09-01 21:55:07] sql.INFO: [24.81] select * from `code_detail_update` where (`firstOneTag` = '博世') and `secondOneTag` like '%EDC17CV54%' and `pcode` like '%3%' order by `id` desc limit 15 offset 0 [] []
[2020-09-01 21:55:07] sql.INFO: [18.4] select count(*) as aggregate from `code_detail_update` where (`firstOneTag` = '博世') and `secondOneTag` like '%EDC17CV54%' and `pcode` like '%3%' [] []
[2020-09-01 21:55:07] sql.INFO: [26.54] select * from `code_detail_update` where (`firstOneTag` = '博世') and `secondOneTag` like '%EDC17CV54%' and `pcode` like '%3%' order by `id` desc limit 15 offset 0 [] []
[2020-09-01 21:55:08] sql.INFO: [17.03] select count(*) as aggregate from `code_detail_update` where (`firstOneTag` = '博世') and `secondOneTag` like '%EDC17CV54%' and `pcode` like '%3%' [] []
[2020-09-01 21:55:08] sql.INFO: [24.82] select * from `code_detail_update` where (`firstOneTag` = '博世') and `secondOneTag` like '%EDC17CV54%' and `pcode` like '%3%' order by `id` desc limit 15 offset 0 [] []
[2020-09-01 21:55:08] sql.INFO: [20.48] select count(*) as aggregate from `code_detail_update` where (`firstOneTag` = '博世') and `secondOneTag` like '%EDC17CV54%' and `pcode` like '%3%' [] []
[2020-09-01 21:55:08] sql.INFO: [33.15] select * from `code_detail_update` where (`firstOneTag` = '博世') and `secondOneTag` like '%EDC17CV54%' and `pcode` like '%3%' order by `id` desc limit 15 offset 0 [] []
[2020-09-01 21:55:09] sql.INFO: [21.17] select count(*) as aggregate from `code_detail_update` where (`firstOneTag` = '博世') and `secondOneTag` like '%EDC17CV54%' and `pcode` like '%3%' [] []
[2020-09-01 21:55:09] sql.INFO: [25.23] select * from `code_detail_update` where (`firstOneTag` = '博世') and `secondOneTag` like '%EDC17CV54%' and `pcode` like '%3%' order by `id` desc limit 15 offset 0 [] []
[2020-09-01 21:55:09] sql.INFO: [18.07] select count(*) as aggregate from `code_detail_update` where (`firstOneTag` = '博世') and `secondOneTag` like '%EDC17CV54%' and `pcode` like '%3%' [] []
[2020-09-01 21:55:09] sql.INFO: [24.18] select * from `code_detail_update` where (`firstOneTag` = '博世') and `secondOneTag` like '%EDC17CV54%' and `pcode` like '%3%' order by `id` desc limit 15 offset 0 [] []
[2020-09-01 21:55:09] sql.INFO: [19.37] select count(*) as aggregate from `code_detail_update` where (`firstOneTag` = '博世') and `secondOneTag` like '%EDC17CV54%' and `pcode` like '%3%' [] []
[2020-09-01 21:55:09] sql.INFO: [25.17] select * from `code_detail_update` where (`firstOneTag` = '博世') and `secondOneTag` like '%EDC17CV54%' and `pcode` like '%3%' order by `id` desc limit 15 offset 0 [] []
[2020-09-01 21:55:10] sql.INFO: [17.42] select count(*) as aggregate from `code_detail_update` where (`firstOneTag` = '博世') and `secondOneTag` like '%EDC17CV54%' and `pcode` like '%3%' [] []
[2020-09-01 21:55:10] sql.INFO: [25.6] select * from `code_detail_update` where (`firstOneTag` = '博世') and `secondOneTag` like '%EDC17CV54%' and `pcode` like '%3%' order by `id` desc limit 15 offset 0 [] []
[2020-09-01 21:55:10] sql.INFO: [17.54] select count(*) as aggregate from `code_detail_update` where (`firstOneTag` = '博世') and `secondOneTag` like '%EDC17CV54%' and `pcode` like '%3%' [] []
[2020-09-01 21:55:10] sql.INFO: [17.18] select * from `code_detail_update` where (`firstOneTag` = '博世') and `secondOneTag` like '%EDC17CV54%' and `pcode` like '%3%' order by `id` desc limit 15 offset 0 [] []
[2020-09-01 21:55:10] sql.INFO: [16.64] select count(*) as aggregate from `code_detail_update` where (`firstOneTag` = '博世') and `secondOneTag` like '%EDC17CV54%' and `pcode` like '%3%' [] []
[2020-09-01 21:55:10] sql.INFO: [18.18] select * from `code_detail_update` where (`firstOneTag` = '博世') and `secondOneTag` like '%EDC17CV54%' and `pcode` like '%3%' order by `id` desc limit 15 offset 0 [] []
[2020-09-01 21:55:10] sql.INFO: [18.11] select count(*) as aggregate from `code_detail_update` where (`firstOneTag` = '博世') and `secondOneTag` like '%EDC17CV54%' and `pcode` like '%3%' [] []
[2020-09-01 21:55:10] sql.INFO: [17.35] select * from `code_detail_update` where (`firstOneTag` = '博世') and `secondOneTag` like '%EDC17CV54%' and `pcode` like '%3%' order by `id` desc limit 15 offset 0 [] []
[2020-09-01 21:55:10] sql.INFO: [18.04] select count(*) as aggregate from `code_detail_update` where (`firstOneTag` = '博世') and `secondOneTag` like '%EDC17CV54%' and `pcode` like '%3%' [] []
[2020-09-01 21:55:10] sql.INFO: [18.52] select * from `code_detail_update` where (`firstOneTag` = '博世') and `secondOneTag` like '%EDC17CV54%' and `pcode` like '%3%' order by `id` desc limit 15 offset 0 [] []
[2020-09-01 21:55:11] sql.INFO: [18.18] select count(*) as aggregate from `code_detail_update` where (`firstOneTag` = '博世') and `secondOneTag` like '%EDC17CV54%' and `pcode` like '%3%' [] []
[2020-09-01 21:55:11] sql.INFO: [19.04] select * from `code_detail_update` where (`firstOneTag` = '博世') and `secondOneTag` like '%EDC17CV54%' and `pcode` like '%3%' order by `id` desc limit 15 offset 0 [] []
[2020-09-01 21:55:11] sql.INFO: [17.29] select count(*) as aggregate from `code_detail_update` where (`firstOneTag` = '博世') and `secondOneTag` like '%EDC17CV54%' and `pcode` like '%3%' [] []
[2020-09-01 21:55:11] sql.INFO: [18.68] select * from `code_detail_update` where (`firstOneTag` = '博世') and `secondOneTag` like '%EDC17CV54%' and `pcode` like '%3%' order by `id` desc limit 15 offset 0 [] []
[2020-09-01 21:55:11] sql.INFO: [18.24] select count(*) as aggregate from `code_detail_update` where (`firstOneTag` = '博世') and `secondOneTag` like '%EDC17CV54%' and `pcode` like '%3%' [] []
[2020-09-01 21:55:11] sql.INFO: [18.18] select * from `code_detail_update` where (`firstOneTag` = '博世') and `secondOneTag` like '%EDC17CV54%' and `pcode` like '%3%' order by `id` desc limit 15 offset 0 [] []
[2020-09-01 21:55:11] sql.INFO: [17.98] select count(*) as aggregate from `code_detail_update` where (`firstOneTag` = '博世') and `secondOneTag` like '%EDC17CV54%' and `pcode` like '%3%' [] []
[2020-09-01 21:55:11] sql.INFO: [17.54] select * from `code_detail_update` where (`firstOneTag` = '博世') and `secondOneTag` like '%EDC17CV54%' and `pcode` like '%3%' order by `id` desc limit 15 offset 0 [] []
[2020-09-01 21:55:11] sql.INFO: [18.64] select count(*) as aggregate from `code_detail_update` where (`firstOneTag` = '博世') and `secondOneTag` like '%EDC17CV54%' and `pcode` like '%3%' [] []
[2020-09-01 21:55:11] sql.INFO: [15.95] select * from `code_detail_update` where (`firstOneTag` = '博世') and `secondOneTag` like '%EDC17CV54%' and `pcode` like '%3%' order by `id` desc limit 15 offset 0 [] []
[2020-09-01 21:55:12] sql.INFO: [16.09] select count(*) as aggregate from `code_detail_update` where (`firstOneTag` = '博世') and `secondOneTag` like '%EDC17CV54%' and `pcode` like '%3%' [] []
[2020-09-01 21:55:12] sql.INFO: [17.87] select * from `code_detail_update` where (`firstOneTag` = '博世') and `secondOneTag` like '%EDC17CV54%' and `pcode` like '%3%' order by `id` desc limit 15 offset 0 [] []
[2020-09-01 21:55:12] sql.INFO: [20.13] select count(*) as aggregate from `code_detail_update` where (`firstOneTag` = '博世') and `secondOneTag` like '%EDC17CV54%' and `pcode` like '%3%' [] []
[2020-09-01 21:55:12] sql.INFO: [17.12] select * from `code_detail_update` where (`firstOneTag` = '博世') and `secondOneTag` like '%EDC17CV54%' and `pcode` like '%3%' order by `id` desc limit 15 offset 0 [] []
[2020-09-01 21:55:12] sql.INFO: [20.09] select count(*) as aggregate from `code_detail_update` where (`firstOneTag` = '博世') and `secondOneTag` like '%EDC17CV54%' and `pcode` like '%3%' [] []
[2020-09-01 21:55:12] sql.INFO: [18.22] select * from `code_detail_update` where (`firstOneTag` = '博世') and `secondOneTag` like '%EDC17CV54%' and `pcode` like '%3%' order by `id` desc limit 15 offset 0 [] []
[2020-09-01 21:55:12] sql.INFO: [17.18] select count(*) as aggregate from `code_detail_update` where (`firstOneTag` = '博世') and `secondOneTag` like '%EDC17CV54%' and `pcode` like '%3%' [] []
[2020-09-01 21:55:12] sql.INFO: [18.13] select * from `code_detail_update` where (`firstOneTag` = '博世') and `secondOneTag` like '%EDC17CV54%' and `pcode` like '%3%' order by `id` desc limit 15 offset 0 [] []
[2020-09-01 21:55:13] sql.INFO: [21.74] select count(*) as aggregate from `code_detail_update` where (`firstOneTag` = '博世') and `secondOneTag` like '%EDC17CV54%' and `pcode` like '%3%' [] []
[2020-09-01 21:55:13] sql.INFO: [18.53] select * from `code_detail_update` where (`firstOneTag` = '博世') and `secondOneTag` like '%EDC17CV54%' and `pcode` like '%3%' order by `id` desc limit 15 offset 0 [] []
[2020-09-01 21:55:13] sql.INFO: [18.03] select count(*) as aggregate from `code_detail_update` where (`firstOneTag` = '博世') and `secondOneTag` like '%EDC17CV54%' and `pcode` like '%3%' [] []
[2020-09-01 21:55:13] sql.INFO: [18.26] select * from `code_detail_update` where (`firstOneTag` = '博世') and `secondOneTag` like '%EDC17CV54%' and `pcode` like '%3%' order by `id` desc limit 15 offset 0 [] []
[2020-09-01 21:55:13] sql.INFO: [18.72] select count(*) as aggregate from `code_detail_update` where (`firstOneTag` = '博世') and `secondOneTag` like '%EDC17CV54%' and `pcode` like '%3%' [] []
[2020-09-01 21:55:13] sql.INFO: [19.01] select * from `code_detail_update` where (`firstOneTag` = '博世') and `secondOneTag` like '%EDC17CV54%' and `pcode` like '%3%' order by `id` desc limit 15 offset 0 [] []
[2020-09-01 21:55:13] sql.INFO: [18.22] select count(*) as aggregate from `code_detail_update` where (`firstOneTag` = '博世') and `secondOneTag` like '%EDC17CV54%' and `pcode` like '%3%' [] []
[2020-09-01 21:55:13] sql.INFO: [21.38] select * from `code_detail_update` where (`firstOneTag` = '博世') and `secondOneTag` like '%EDC17CV54%' and `pcode` like '%3%' order by `id` desc limit 15 offset 0 [] []
[2020-09-01 21:55:13] sql.INFO: [18.11] select count(*) as aggregate from `code_detail_update` where (`firstOneTag` = '博世') and `secondOneTag` like '%EDC17CV54%' and `pcode` like '%3%' [] []
[2020-09-01 21:55:13] sql.INFO: [20.6] select * from `code_detail_update` where (`firstOneTag` = '博世') and `secondOneTag` like '%EDC17CV54%' and `pcode` like '%3%' order by `id` desc limit 15 offset 0 [] []
[2020-09-01 21:55:14] sql.INFO: [19.35] select count(*) as aggregate from `code_detail_update` where (`firstOneTag` = '博世') and `secondOneTag` like '%EDC17CV54%' and `pcode` like '%3%' [] []
[2020-09-01 21:55:14] sql.INFO: [18.72] select * from `code_detail_update` where (`firstOneTag` = '博世') and `secondOneTag` like '%EDC17CV54%' and `pcode` like '%3%' order by `id` desc limit 15 offset 0 [] []
[2020-09-01 21:55:14] sql.INFO: [17.5] select count(*) as aggregate from `code_detail_update` where (`firstOneTag` = '博世') and `secondOneTag` like '%EDC17CV54%' and `pcode` like '%3%' [] []
[2020-09-01 21:55:14] sql.INFO: [19.95] select * from `code_detail_update` where (`firstOneTag` = '博世') and `secondOneTag` like '%EDC17CV54%' and `pcode` like '%3%' order by `id` desc limit 15 offset 0 [] []
[2020-09-01 21:55:14] sql.INFO: [18.07] select count(*) as aggregate from `code_detail_update` where (`firstOneTag` = '博世') and `secondOneTag` like '%EDC17CV54%' and `pcode` like '%3%' [] []
[2020-09-01 21:55:14] sql.INFO: [17.61] select * from `code_detail_update` where (`firstOneTag` = '博世') and `secondOneTag` like '%EDC17CV54%' and `pcode` like '%3%' order by `id` desc limit 15 offset 0 [] []
[2020-09-01 21:55:14] sql.INFO: [24.05] select count(*) as aggregate from `code_detail_update` where (`firstOneTag` = '博世') and `secondOneTag` like '%EDC17CV54%' and `pcode` like '%3%' [] []
[2020-09-01 21:55:14] sql.INFO: [62.17] select * from `code_detail_update` where (`firstOneTag` = '博世') and `secondOneTag` like '%EDC17CV54%' and `pcode` like '%3%' order by `id` desc limit 15 offset 0 [] []
[2020-09-01 21:55:14] sql.INFO: [21.85] select count(*) as aggregate from `code_detail_update` where (`firstOneTag` = '博世') and `secondOneTag` like '%EDC17CV54%' and `pcode` like '%3%' [] []
[2020-09-01 21:55:15] sql.INFO: [296.1] select * from `code_detail_update` where (`firstOneTag` = '博世') and `secondOneTag` like '%EDC17CV54%' and `pcode` like '%3%' order by `id` desc limit 15 offset 0 [] []
[2020-09-01 21:55:15] sql.INFO: [66.63] select count(*) as aggregate from `code_detail_update` where (`firstOneTag` = '博世') and `secondOneTag` like '%EDC17CV54%' and `pcode` like '%3%' [] []
[2020-09-01 21:55:15] sql.INFO: [23.4] select * from `code_detail_update` where (`firstOneTag` = '博世') and `secondOneTag` like '%EDC17CV54%' and `pcode` like '%3%' order by `id` desc limit 15 offset 0 [] []
[2020-09-01 21:55:15] sql.INFO: [19.17] select count(*) as aggregate from `code_detail_update` where (`firstOneTag` = '博世') and `secondOneTag` like '%EDC17CV54%' and `pcode` like '%3%' [] []
[2020-09-01 21:55:15] sql.INFO: [269.92] select * from `code_detail_update` where (`firstOneTag` = '博世') and `secondOneTag` like '%EDC17CV54%' and `pcode` like '%3%' order by `id` desc limit 15 offset 0 [] []
[2020-09-01 21:55:15] sql.INFO: [16.16] select count(*) as aggregate from `code_detail_update` where (`firstOneTag` = '博世') and `secondOneTag` like '%EDC17CV54%' and `pcode` like '%3%' [] []
[2020-09-01 21:55:15] sql.INFO: [250.89] select * from `code_detail_update` where (`firstOneTag` = '博世') and `secondOneTag` like '%EDC17CV54%' and `pcode` like '%3%' order by `id` desc limit 15 offset 0 [] []
[2020-09-01 22:10:17] sql.INFO: [63.49] select count(*) as aggregate from `code_detail_update` where (`firstOneTag` = '博世') and `secondOneTag` like '%EDC17CV54%' and `pcode` like '%3%' [] []
[2020-09-01 22:10:17] sql.INFO: [23.4] select * from `code_detail_update` where (`firstOneTag` = '博世') and `secondOneTag` like '%EDC17CV54%' and `pcode` like '%3%' order by `id` desc limit 20 offset 0 [] []
[2020-09-01 22:25:03] sql.INFO: [68.1] select count(*) as aggregate from `code_detail_update` where `secondOneTag` like '%%' and `pcode` like '%%' [] []
[2020-09-01 22:25:03] sql.INFO: [23.39] select * from `code_detail_update` where `secondOneTag` like '%%' and `pcode` like '%%' order by `id` desc limit 20 offset 0 [] []
[2020-09-01 22:26:21] sql.INFO: [63.99] select count(*) as aggregate from `code_detail_update` where `secondOneTag` like '%%' and `pcode` like '%%' [] []
[2020-09-01 22:26:21] sql.INFO: [16.12] select * from `code_detail_update` where `secondOneTag` like '%%' and `pcode` like '%%' order by `id` desc limit 10 offset 0 [] []
[2020-09-01 22:26:25] sql.INFO: [62.32] select count(*) as aggregate from `code_detail_update` where `secondOneTag` like '%%' and `pcode` like '%%' [] []
[2020-09-01 22:26:25] sql.INFO: [14.67] select * from `code_detail_update` where `secondOneTag` like '%%' and `pcode` like '%%' order by `id` desc limit 10 offset 0 [] []
[2020-09-01 22:26:38] sql.INFO: [15.36] select count(*) as aggregate from `code_detail_update` where `secondOneTag` like '%%' and `pcode` like '%%' [] []
[2020-09-01 22:26:38] sql.INFO: [15.15] select * from `code_detail_update` where `secondOneTag` like '%%' and `pcode` like '%%' order by `id` desc limit 10 offset 0 [] []
[2020-09-01 22:26:49] sql.INFO: [14.88] select count(*) as aggregate from `code_detail_update` where `secondOneTag` like '%%' and `pcode` like '%%' [] []
[2020-09-01 22:26:49] sql.INFO: [15.93] select * from `code_detail_update` where `secondOneTag` like '%%' and `pcode` like '%%' order by `id` desc limit 10 offset 0 [] []
[2020-09-01 22:27:00] sql.INFO: [14.42] select count(*) as aggregate from `code_detail_update` where `secondOneTag` like '%%' and `pcode` like '%%' [] []
[2020-09-01 22:27:00] sql.INFO: [14.36] select * from `code_detail_update` where `secondOneTag` like '%%' and `pcode` like '%%' order by `id` desc limit 10 offset 0 [] []
[2020-09-01 22:27:34] sql.INFO: [14.4] select count(*) as aggregate from `code_detail_update` where `secondOneTag` like '%%' and `pcode` like '%%' [] []
[2020-09-01 22:27:34] sql.INFO: [15.86] select * from `code_detail_update` where `secondOneTag` like '%%' and `pcode` like '%%' order by `id` desc limit 10 offset 0 [] []
[2020-09-01 22:29:03] sql.INFO: [68.7] select count(*) as aggregate from `code_detail_update` where `secondOneTag` like '%%' and `pcode` like '%%' [] []
[2020-09-01 22:29:03] sql.INFO: [23.84] select * from `code_detail_update` where `secondOneTag` like '%%' and `pcode` like '%%' order by `id` desc limit 20 offset 0 [] []
[2020-09-01 22:29:55] sql.INFO: [66.95] select count(*) as aggregate from `code_detail_update` where `secondOneTag` like '%%' and `pcode` like '%%' [] []
[2020-09-01 22:29:55] sql.INFO: [23.22] select * from `code_detail_update` where `secondOneTag` like '%%' and `pcode` like '%%' order by `id` desc limit 20 offset 0 [] []
[2020-09-01 22:31:16] sql.INFO: [60.71] select count(*) as aggregate from `code_detail_update` where `secondOneTag` like '%%' and `pcode` like '%%' [] []
[2020-09-01 22:31:16] sql.INFO: [14.44] select * from `code_detail_update` where `secondOneTag` like '%%' and `pcode` like '%%' order by `id` desc limit 10 offset 0 [] []
[2020-09-01 22:32:22] sql.INFO: [63.55] select count(*) as aggregate from `code_detail_update` where `secondOneTag` like '%%' and `pcode` like '%%' [] []
[2020-09-01 22:32:22] sql.INFO: [16.39] select * from `code_detail_update` where `secondOneTag` like '%%' and `pcode` like '%%' order by `id` desc limit 10 offset 0 [] []
[2020-09-01 22:32:55] sql.INFO: [17.66] select count(*) as aggregate from `code_detail_update` where `secondOneTag` like '%%' and `pcode` like '%%' [] []
[2020-09-01 22:32:55] sql.INFO: [16.17] select * from `code_detail_update` where `secondOneTag` like '%%' and `pcode` like '%%' order by `id` desc limit 10 offset 0 [] []
[2020-09-01 22:35:10] sql.INFO: [64.85] select count(*) as aggregate from `code_detail_update` where `secondOneTag` like '%%' and `pcode` like '%%' [] []
[2020-09-01 22:35:10] sql.INFO: [16.3] select * from `code_detail_update` where `secondOneTag` like '%%' and `pcode` like '%%' order by `id` desc limit 10 offset 0 [] []
[2020-09-01 22:35:15] sql.INFO: [16.93] select count(*) as aggregate from `code_detail_update` where `secondOneTag` like '%%' and `pcode` like '%%' [] []
[2020-09-01 22:35:15] sql.INFO: [30.25] select * from `code_detail_update` where `secondOneTag` like '%%' and `pcode` like '%%' order by `id` desc limit 80 offset 0 [] []
[2020-09-01 22:37:42] sql.INFO: [68.32] select count(*) as aggregate from `code_detail_update` where (`firstOneTag` = '博世') and `secondOneTag` like '%EDC17CV54%' and `pcode` like '%3%' [] []
[2020-09-01 22:37:42] sql.INFO: [23.87] select * from `code_detail_update` where (`firstOneTag` = '博世') and `secondOneTag` like '%EDC17CV54%' and `pcode` like '%3%' order by `id` desc limit 20 offset 0 [] []
[2020-09-01 22:43:47] sql.INFO: [68.73] select count(*) as aggregate from `code_detail_update` where `secondOneTag` like '%%' and `pcode` like '%%' [] []
[2020-09-01 22:43:47] sql.INFO: [16.37] select * from `code_detail_update` where `secondOneTag` like '%%' and `pcode` like '%%' order by `id` desc limit 10 offset 0 [] []
[2020-09-01 22:43:54] sql.INFO: [16.93] select count(*) as aggregate from `code_detail_update` where `secondOneTag` like '%%' and `pcode` like '%%' [] []
[2020-09-01 22:43:54] sql.INFO: [108.77] select * from `code_detail_update` where `secondOneTag` like '%%' and `pcode` like '%%' order by `id` desc limit 10 offset 60480 [] []
[2020-09-01 22:43:58] sql.INFO: [16.26] select count(*) as aggregate from `code_detail_update` where `secondOneTag` like '%%' and `pcode` like '%%' [] []
[2020-09-01 22:43:58] sql.INFO: [105.93] select * from `code_detail_update` where `secondOneTag` like '%%' and `pcode` like '%%' order by `id` desc limit 10 offset 60470 [] []
[2020-09-01 22:44:11] sql.INFO: [16.93] select count(*) as aggregate from `code_detail_update` where `secondOneTag` like '%%' and `pcode` like '%%' [] []
[2020-09-01 22:44:11] sql.INFO: [102.78] select * from `code_detail_update` where `secondOneTag` like '%%' and `pcode` like '%%' order by `id` desc limit 10 offset 60460 [] []
[2020-09-01 22:44:12] sql.INFO: [17.18] select count(*) as aggregate from `code_detail_update` where `secondOneTag` like '%%' and `pcode` like '%%' [] []
[2020-09-01 22:44:12] sql.INFO: [104.27] select * from `code_detail_update` where `secondOneTag` like '%%' and `pcode` like '%%' order by `id` desc limit 10 offset 60450 [] []
[2020-09-01 22:44:13] sql.INFO: [16.69] select count(*) as aggregate from `code_detail_update` where `secondOneTag` like '%%' and `pcode` like '%%' [] []
[2020-09-01 22:44:13] sql.INFO: [99.96] select * from `code_detail_update` where `secondOneTag` like '%%' and `pcode` like '%%' order by `id` desc limit 10 offset 60440 [] []
[2020-09-01 22:44:47] sql.INFO: [17.2] select count(*) as aggregate from `code_detail_update` where `secondOneTag` like '%%' and `pcode` like '%%' [] []
[2020-09-01 22:44:47] sql.INFO: [108.54] select * from `code_detail_update` where `secondOneTag` like '%%' and `pcode` like '%%' order by `id` desc limit 10 offset 60430 [] []
[2020-09-01 22:44:54] sql.INFO: [18.29] select count(*) as aggregate from `code_detail_update` where `secondOneTag` like '%%' and `pcode` like '%%' [] []
[2020-09-01 22:44:54] sql.INFO: [99.92] select * from `code_detail_update` where `secondOneTag` like '%%' and `pcode` like '%%' order by `id` desc limit 10 offset 60420 [] []
[2020-09-01 22:44:55] sql.INFO: [16.18] select count(*) as aggregate from `code_detail_update` where `secondOneTag` like '%%' and `pcode` like '%%' [] []
[2020-09-01 22:44:55] sql.INFO: [103.57] select * from `code_detail_update` where `secondOneTag` like '%%' and `pcode` like '%%' order by `id` desc limit 10 offset 60410 [] []
[2020-09-01 22:44:55] sql.INFO: [16.82] select count(*) as aggregate from `code_detail_update` where `secondOneTag` like '%%' and `pcode` like '%%' [] []
[2020-09-01 22:44:56] sql.INFO: [105.33] select * from `code_detail_update` where `secondOneTag` like '%%' and `pcode` like '%%' order by `id` desc limit 10 offset 60400 [] []
[2020-09-01 22:44:56] sql.INFO: [17.82] select count(*) as aggregate from `code_detail_update` where `secondOneTag` like '%%' and `pcode` like '%%' [] []
[2020-09-01 22:44:56] sql.INFO: [106.07] select * from `code_detail_update` where `secondOneTag` like '%%' and `pcode` like '%%' order by `id` desc limit 10 offset 60390 [] []
[2020-09-01 22:44:56] sql.INFO: [17.23] select count(*) as aggregate from `code_detail_update` where `secondOneTag` like '%%' and `pcode` like '%%' [] []
[2020-09-01 22:44:56] sql.INFO: [102.01] select * from `code_detail_update` where `secondOneTag` like '%%' and `pcode` like '%%' order by `id` desc limit 10 offset 60380 [] []
[2020-09-01 22:44:57] sql.INFO: [17.05] select count(*) as aggregate from `code_detail_update` where `secondOneTag` like '%%' and `pcode` like '%%' [] []
[2020-09-01 22:44:57] sql.INFO: [106.05] select * from `code_detail_update` where `secondOneTag` like '%%' and `pcode` like '%%' order by `id` desc limit 10 offset 60370 [] []
[2020-09-01 22:44:57] sql.INFO: [16.12] select count(*) as aggregate from `code_detail_update` where `secondOneTag` like '%%' and `pcode` like '%%' [] []
[2020-09-01 22:44:57] sql.INFO: [16.63] select * from `code_detail_update` where `secondOneTag` like '%%' and `pcode` like '%%' order by `id` desc limit 10 offset 60380 [] []
[2020-09-01 22:44:58] sql.INFO: [16.93] select count(*) as aggregate from `code_detail_update` where `secondOneTag` like '%%' and `pcode` like '%%' [] []
[2020-09-01 22:44:58] sql.INFO: [16.47] select * from `code_detail_update` where `secondOneTag` like '%%' and `pcode` like '%%' order by `id` desc limit 10 offset 60390 [] []
[2020-09-01 22:44:58] sql.INFO: [16.01] select count(*) as aggregate from `code_detail_update` where `secondOneTag` like '%%' and `pcode` like '%%' [] []
[2020-09-01 22:44:58] sql.INFO: [16.56] select * from `code_detail_update` where `secondOneTag` like '%%' and `pcode` like '%%' order by `id` desc limit 10 offset 60400 [] []
[2020-09-01 22:44:59] sql.INFO: [16.98] select count(*) as aggregate from `code_detail_update` where `secondOneTag` like '%%' and `pcode` like '%%' [] []
[2020-09-01 22:44:59] sql.INFO: [16.74] select * from `code_detail_update` where `secondOneTag` like '%%' and `pcode` like '%%' order by `id` desc limit 10 offset 60410 [] []
[2020-09-01 22:44:59] sql.INFO: [17.58] select count(*) as aggregate from `code_detail_update` where `secondOneTag` like '%%' and `pcode` like '%%' [] []
[2020-09-01 22:44:59] sql.INFO: [17.44] select * from `code_detail_update` where `secondOneTag` like '%%' and `pcode` like '%%' order by `id` desc limit 10 offset 60480 [] []
[2020-09-01 22:45:01] sql.INFO: [17.11] select count(*) as aggregate from `code_detail_update` where `secondOneTag` like '%%' and `pcode` like '%%' [] []
[2020-09-01 22:45:01] sql.INFO: [16.3] select * from `code_detail_update` where `secondOneTag` like '%%' and `pcode` like '%%' order by `id` desc limit 10 offset 60460 [] []
[2020-09-01 22:45:03] sql.INFO: [16.81] select count(*) as aggregate from `code_detail_update` where `secondOneTag` like '%%' and `pcode` like '%%' [] []
[2020-09-01 22:45:03] sql.INFO: [17.07] select * from `code_detail_update` where `secondOneTag` like '%%' and `pcode` like '%%' order by `id` desc limit 10 offset 60450 [] []
[2020-09-01 22:45:03] sql.INFO: [17.49] select count(*) as aggregate from `code_detail_update` where `secondOneTag` like '%%' and `pcode` like '%%' [] []
[2020-09-01 22:45:03] sql.INFO: [16.97] select * from `code_detail_update` where `secondOneTag` like '%%' and `pcode` like '%%' order by `id` desc limit 10 offset 60440 [] []
[2020-09-01 22:45:04] sql.INFO: [17.13] select count(*) as aggregate from `code_detail_update` where `secondOneTag` like '%%' and `pcode` like '%%' [] []
[2020-09-01 22:45:04] sql.INFO: [17.03] select * from `code_detail_update` where `secondOneTag` like '%%' and `pcode` like '%%' order by `id` desc limit 10 offset 60430 [] []
[2020-09-01 22:45:04] sql.INFO: [16.2] select count(*) as aggregate from `code_detail_update` where `secondOneTag` like '%%' and `pcode` like '%%' [] []
[2020-09-01 22:45:04] sql.INFO: [17.4] select * from `code_detail_update` where `secondOneTag` like '%%' and `pcode` like '%%' order by `id` desc limit 10 offset 60420 [] []
[2020-09-01 22:45:04] sql.INFO: [16.06] select count(*) as aggregate from `code_detail_update` where `secondOneTag` like '%%' and `pcode` like '%%' [] []
[2020-09-01 22:45:04] sql.INFO: [16.71] select * from `code_detail_update` where `secondOneTag` like '%%' and `pcode` like '%%' order by `id` desc limit 10 offset 60410 [] []
[2020-09-01 22:45:05] sql.INFO: [17.03] select count(*) as aggregate from `code_detail_update` where `secondOneTag` like '%%' and `pcode` like '%%' [] []
[2020-09-01 22:45:05] sql.INFO: [17.34] select * from `code_detail_update` where `secondOneTag` like '%%' and `pcode` like '%%' order by `id` desc limit 10 offset 60400 [] []
[2020-09-01 22:45:05] sql.INFO: [16.09] select count(*) as aggregate from `code_detail_update` where `secondOneTag` like '%%' and `pcode` like '%%' [] []
[2020-09-01 22:45:05] sql.INFO: [16.64] select * from `code_detail_update` where `secondOneTag` like '%%' and `pcode` like '%%' order by `id` desc limit 10 offset 60390 [] []
[2020-09-01 22:45:05] sql.INFO: [17.64] select count(*) as aggregate from `code_detail_update` where `secondOneTag` like '%%' and `pcode` like '%%' [] []
[2020-09-01 22:45:05] sql.INFO: [17.56] select * from `code_detail_update` where `secondOneTag` like '%%' and `pcode` like '%%' order by `id` desc limit 10 offset 60380 [] []
[2020-09-01 22:45:05] sql.INFO: [17.05] select count(*) as aggregate from `code_detail_update` where `secondOneTag` like '%%' and `pcode` like '%%' [] []
[2020-09-01 22:45:05] sql.INFO: [16.99] select * from `code_detail_update` where `secondOneTag` like '%%' and `pcode` like '%%' order by `id` desc limit 10 offset 60370 [] []
[2020-09-01 22:45:06] sql.INFO: [16.78] select count(*) as aggregate from `code_detail_update` where `secondOneTag` like '%%' and `pcode` like '%%' [] []
[2020-09-01 22:45:06] sql.INFO: [17.36] select * from `code_detail_update` where `secondOneTag` like '%%' and `pcode` like '%%' order by `id` desc limit 10 offset 0 [] []
[2020-09-01 22:45:07] sql.INFO: [16.97] select count(*) as aggregate from `code_detail_update` where `secondOneTag` like '%%' and `pcode` like '%%' [] []
[2020-09-01 22:45:07] sql.INFO: [16.23] select * from `code_detail_update` where `secondOneTag` like '%%' and `pcode` like '%%' order by `id` desc limit 10 offset 60480 [] []
[2020-09-01 22:45:19] sql.INFO: [16.38] select count(*) as aggregate from `code_detail_update` where `secondOneTag` like '%%' and `pcode` like '%%' [] []
[2020-09-01 22:45:19] sql.INFO: [101.36] select * from `code_detail_update` where `secondOneTag` like '%%' and `pcode` like '%%' order by `id` desc limit 90 offset 60480 [] []
[2020-09-01 22:47:40] sql.INFO: [60.06] select count(*) as aggregate from `code_detail_update` where `secondOneTag` like '%%' and `pcode` like '%%' [] []
[2020-09-01 22:47:40] sql.INFO: [14.33] select * from `code_detail_update` where `secondOneTag` like '%%' and `pcode` like '%%' order by `id` desc limit 10 offset 0 [] []
[2020-09-01 22:47:43] sql.INFO: [15.05] select count(*) as aggregate from `code_detail_update` where `secondOneTag` like '%%' and `pcode` like '%%' [] []
[2020-09-01 22:47:43] sql.INFO: [28.71] select * from `code_detail_update` where `secondOneTag` like '%%' and `pcode` like '%%' order by `id` desc limit 80 offset 0 [] []
[2020-09-01 22:47:47] sql.INFO: [15.25] select count(*) as aggregate from `code_detail_update` where `secondOneTag` like '%%' and `pcode` like '%%' [] []
[2020-09-01 22:47:47] sql.INFO: [100.18] select * from `code_detail_update` where `secondOneTag` like '%%' and `pcode` like '%%' order by `id` desc limit 80 offset 60480 [] []
[2020-09-01 22:47:48] sql.INFO: [14.27] select count(*) as aggregate from `code_detail_update` where `secondOneTag` like '%%' and `pcode` like '%%' [] []
[2020-09-01 22:47:48] sql.INFO: [116.77] select * from `code_detail_update` where `secondOneTag` like '%%' and `pcode` like '%%' order by `id` desc limit 80 offset 60320 [] []
[2020-09-01 22:52:22] sql.INFO: [67.65] select count(*) as aggregate from `code_detail_update` where `secondOneTag` like '%%' and `pcode` like '%%' [] []
[2020-09-01 22:52:22] sql.INFO: [16.5] select * from `code_detail_update` where `secondOneTag` like '%%' and `pcode` like '%%' order by `id` desc limit 10 offset 0 [] []
[2020-09-01 22:56:33] sql.INFO: [79.9] select count(*) as aggregate from `code_detail_update` where `secondOneTag` like '%%' and `pcode` like '%%' [] []
[2020-09-01 22:56:33] sql.INFO: [16.09] select * from `code_detail_update` where `secondOneTag` like '%%' and `pcode` like '%%' order by `id` desc limit 10 offset 0 [] []
